[debug] [2022-07-20T07:51:45.961Z] ----------------------------------------------------------------------
[debug] [2022-07-20T07:51:45.967Z] Command:       C:\Program Files\nodejs\node.exe C:\Users\admin\AppData\Roaming\npm\node_modules\firebase-tools\lib\bin\firebase.js init
[debug] [2022-07-20T07:51:45.969Z] CLI Version:   11.3.0
[debug] [2022-07-20T07:51:45.969Z] Platform:      win32
[debug] [2022-07-20T07:51:45.969Z] Node Version:  v16.13.1
[debug] [2022-07-20T07:51:45.971Z] Time:          Wed Jul 20 2022 13:21:45 GMT+0530 (India Standard Time)
[debug] [2022-07-20T07:51:45.972Z] ----------------------------------------------------------------------
[debug] 
[debug] [2022-07-20T07:51:45.977Z] >>> [apiv2][query] GET https://firebase-public.firebaseio.com/cli.json [none]
[debug] [2022-07-20T07:51:46.002Z] > command requires scopes: ["email","openid","https://www.googleapis.com/auth/cloudplatformprojects.readonly","https://www.googleapis.com/auth/firebase","https://www.googleapis.com/auth/cloud-platform"]
[debug] [2022-07-20T07:51:46.003Z] > authorizing via signed-in user (yranjana757@gmail.com)
[info] 
     ######## #### ########  ######## ########     ###     ######  ########
     ##        ##  ##     ## ##       ##     ##  ##   ##  ##       ##
     ######    ##  ########  ######   ########  #########  ######  ######
     ##        ##  ##    ##  ##       ##     ## ##     ##       ## ##
     ##       #### ##     ## ######## ########  ##     ##  ######  ########

You're about to initialize a Firebase project in this directory:

  C:\Users\admin\Desktop\search-movies

[debug] [2022-07-20T07:51:47.272Z] <<< [apiv2][status] GET https://firebase-public.firebaseio.com/cli.json 200
[debug] [2022-07-20T07:51:47.272Z] <<< [apiv2][body] GET https://firebase-public.firebaseio.com/cli.json {"cloudBuildErrorAfter":1594252800000,"cloudBuildWarnAfter":1590019200000,"defaultNode10After":1594252800000,"minVersion":"3.0.5","node8DeploysDisabledAfter":1613390400000,"node8RuntimeDisabledAfter":1615809600000,"node8WarnAfter":1600128000000}
[debug] [2022-07-20T07:52:37.782Z] ----------------------------------------------------------------------
[debug] [2022-07-20T07:52:37.785Z] Command:       C:\Program Files\nodejs\node.exe C:\Users\admin\AppData\Roaming\npm\node_modules\firebase-tools\lib\bin\firebase.js init
[debug] [2022-07-20T07:52:37.786Z] CLI Version:   11.3.0
[debug] [2022-07-20T07:52:37.786Z] Platform:      win32
[debug] [2022-07-20T07:52:37.786Z] Node Version:  v16.13.1
[debug] [2022-07-20T07:52:37.787Z] Time:          Wed Jul 20 2022 13:22:37 GMT+0530 (India Standard Time)
[debug] [2022-07-20T07:52:37.787Z] ----------------------------------------------------------------------
[debug] 
[debug] [2022-07-20T07:52:37.795Z] > command requires scopes: ["email","openid","https://www.googleapis.com/auth/cloudplatformprojects.readonly","https://www.googleapis.com/auth/firebase","https://www.googleapis.com/auth/cloud-platform"]
[debug] [2022-07-20T07:52:37.796Z] > authorizing via signed-in user (yranjana757@gmail.com)
[info] 
     ######## #### ########  ######## ########     ###     ######  ########
     ##        ##  ##     ## ##       ##     ##  ##   ##  ##       ##
     ######    ##  ########  ######   ########  #########  ######  ######
     ##        ##  ##    ##  ##       ##     ## ##     ##       ## ##
     ##       #### ##     ## ######## ########  ##     ##  ######  ########

You're about to initialize a Firebase project in this directory:

  C:\Users\admin\Desktop\search-movies

[info] 
=== Project Setup
[info] 
[info] First, let's associate this project directory with a Firebase project.
[info] You can create multiple project aliases by running firebase use --add, 
[info] but for now we'll just set up a default project.
[info] 
[debug] [2022-07-20T07:52:49.227Z] > refreshing access token with scopes: []
[debug] [2022-07-20T07:52:49.234Z] >>> [apiv2][query] POST https://www.googleapis.com/oauth2/v3/token [none]
[debug] [2022-07-20T07:52:49.234Z] >>> [apiv2][body] POST https://www.googleapis.com/oauth2/v3/token [omitted]
[debug] [2022-07-20T07:52:49.680Z] <<< [apiv2][status] POST https://www.googleapis.com/oauth2/v3/token 200
[debug] [2022-07-20T07:52:49.681Z] <<< [apiv2][body] POST https://www.googleapis.com/oauth2/v3/token [omitted]
[debug] [2022-07-20T07:52:49.705Z] >>> [apiv2][query] GET https://firebase.googleapis.com/v1beta1/projects pageSize=100
[debug] [2022-07-20T07:52:51.064Z] <<< [apiv2][status] GET https://firebase.googleapis.com/v1beta1/projects 200
[debug] [2022-07-20T07:52:51.065Z] <<< [apiv2][body] GET https://firebase.googleapis.com/v1beta1/projects [omitted]
[info] i  Using project search-movie-565bf (Search-movie) 
[info] 
=== Hosting Setup
[info] 
[info] Your public directory is the folder (relative to your project directory) that
[info] will contain Hosting assets to be uploaded with firebase deploy. If you
[info] have a build process for your assets, use your build's output directory.
[info] 
[info] +  Wrote build/404.html 
[debug] [2022-07-20T07:53:24.139Z] >>> [apiv2][query] GET https://www.gstatic.com/firebasejs/releases.json [none]
[debug] [2022-07-20T07:53:24.535Z] <<< [apiv2][status] GET https://www.gstatic.com/firebasejs/releases.json 200
[debug] [2022-07-20T07:53:24.535Z] <<< [apiv2][body] GET https://www.gstatic.com/firebasejs/releases.json {"current":{"version":"9.9.0","browserURL":"https://www.gstatic.com/firebasejs/9.9.0/firebase.js","packageURL":"https://www.gstatic.com/firebasejs/9.9.0/firebase.tgz"},"live":{"version":"9.9","browserURL":"https://www.gstatic.com/firebasejs/live/9.9/firebase.js","packageURL":"https://www.gstatic.com/firebasejs/live/9.9/firebase.tgz"},"components":{"analytics":"https://www.gstatic.com/firebasejs/9.9.0/firebase-analytics.js","app":"https://www.gstatic.com/firebasejs/9.9.0/firebase-app.js","app-check":"https://www.gstatic.com/firebasejs/9.9.0/firebase-app-check.js","auth":"https://www.gstatic.com/firebasejs/9.9.0/firebase-auth.js","auth/cordova":"https://www.gstatic.com/firebasejs/9.9.0/firebase-auth/cordova.js","auth/react-native":"https://www.gstatic.com/firebasejs/9.9.0/firebase-auth/react-native.js","functions":"https://www.gstatic.com/firebasejs/9.9.0/firebase-functions.js","firestore":"https://www.gstatic.com/firebasejs/9.9.0/firebase-firestore.js","firestore/lite":"https://www.gstatic.com/firebasejs/9.9.0/firebase-firestore/lite.js","installations":"https://www.gstatic.com/firebasejs/9.9.0/firebase-installations.js","storage":"https://www.gstatic.com/firebasejs/9.9.0/firebase-storage.js","performance":"https://www.gstatic.com/firebasejs/9.9.0/firebase-performance.js","remote-config":"https://www.gstatic.com/firebasejs/9.9.0/firebase-remote-config.js","messaging":"https://www.gstatic.com/firebasejs/9.9.0/firebase-messaging.js","messaging/sw":"https://www.gstatic.com/firebasejs/9.9.0/firebase-messaging/sw.js","database":"https://www.gstatic.com/firebasejs/9.9.0/firebase-database.js","firestore.memory":"https://www.gstatic.com/firebasejs/9.9.0/firebase-firestore.memory.js"}}
[info] i  Skipping write of build/index.html 
[info] 
[info] i  Detected a .git folder at C:\Users\admin\Desktop\search-movies 
[info] i  Authorizing with GitHub to upload your service account to a GitHub repository's secrets store. 
[info] 
[info] Visit this URL on this device to log in:
[info] https://github.com/login/oauth/authorize?client_id=89cf50f02ac6aaed3484&state=431400877&redirect_uri=http%3A%2F%2Flocalhost%3A9005&scope=read%3Auser%20repo%20public_repo
[info] 
[info] Waiting for authentication...
[debug] [2022-07-20T07:53:30.696Z] >>> [apiv2][query] POST https://github.com/login/oauth/access_token [none]
[debug] [2022-07-20T07:53:30.696Z] >>> [apiv2][body] POST https://github.com/login/oauth/access_token [stream]
[debug] [2022-07-20T07:53:31.410Z] <<< [apiv2][status] POST https://github.com/login/oauth/access_token 200
[debug] [2022-07-20T07:53:31.411Z] <<< [apiv2][body] POST https://github.com/login/oauth/access_token {"access_token":"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","token_type":"bearer","scope":"read:user,repo"}
[debug] [2022-07-20T07:53:31.432Z] >>> [apiv2][query] GET https://api.github.com/user [none]
[debug] [2022-07-20T07:53:32.226Z] <<< [apiv2][status] GET https://api.github.com/user 200
[debug] [2022-07-20T07:53:32.227Z] <<< [apiv2][body] GET https://api.github.com/user {"login":"Ranjana993","id":67220186,"node_id":"MDQ6VXNlcjY3MjIwMTg2","avatar_url":"https://avatars.githubusercontent.com/u/67220186?v=4","gravatar_id":"","url":"https://api.github.com/users/Ranjana993","html_url":"https://github.com/Ranjana993","followers_url":"https://api.github.com/users/Ranjana993/followers","following_url":"https://api.github.com/users/Ranjana993/following{/other_user}","gists_url":"https://api.github.com/users/Ranjana993/gists{/gist_id}","starred_url":"https://api.github.com/users/Ranjana993/starred{/owner}{/repo}","subscriptions_url":"https://api.github.com/users/Ranjana993/subscriptions","organizations_url":"https://api.github.com/users/Ranjana993/orgs","repos_url":"https://api.github.com/users/Ranjana993/repos","events_url":"https://api.github.com/users/Ranjana993/events{/privacy}","received_events_url":"https://api.github.com/users/Ranjana993/received_events","type":"User","site_admin":false,"name":"Kumari Ranjna Yadav","company":null,"blog":"","location":"Faridabad Haryana 121004","email":null,"hireable":null,"bio":"Hii Guys My Name  is  Kumari  Ranjana Yadav . I'm a Junior Full stack Developer . I'm Passionated in Having Technical Knowledge  and  exploring .......","twitter_username":null,"public_repos":39,"public_gists":0,"followers":1,"following":0,"created_at":"2020-06-21T07:37:36Z","updated_at":"2022-06-30T13:59:18Z","private_gists":0,"total_private_repos":0,"owned_private_repos":0,"disk_usage":5493,"collaborators":0,"two_factor_authentication":false,"plan":{"name":"free","space":976562499,"collaborators":0,"private_repos":10000}}
[info] 
[info] +  Success! Logged into GitHub as Ranjana993 
[info] 
